C:\USERS\USER\DOCUMENTS\VISUAL STUDIO 2010\PROJECTS\PROYEK\DEBUG\PROYEK.EXE
C:\USERS\USER\DOCUMENTS\VISUAL STUDIO 2010\PROJECTS\PROYEK\DEBUG\PROYEK.ILK
C:\USERS\USER\DOCUMENTS\VISUAL STUDIO 2010\PROJECTS\PROYEK\DEBUG\PROYEK.PDB
C:\Users\user\Documents\Visual Studio 2010\Projects\Proyek\Proyek\Debug\cl.command.1.tlog
C:\Users\user\Documents\Visual Studio 2010\Projects\Proyek\Proyek\Debug\CL.read.1.tlog
C:\Users\user\Documents\Visual Studio 2010\Projects\Proyek\Proyek\Debug\CL.write.1.tlog
C:\Users\user\Documents\Visual Studio 2010\Projects\Proyek\Proyek\Debug\link.command.1.tlog
C:\Users\user\Documents\Visual Studio 2010\Projects\Proyek\Proyek\Debug\link.read.1.tlog
C:\Users\user\Documents\Visual Studio 2010\Projects\Proyek\Proyek\Debug\link.write.1.tlog
C:\Users\user\Documents\Visual Studio 2010\Projects\Proyek\Proyek\Debug\link-cvtres.read.1.tlog
C:\Users\user\Documents\Visual Studio 2010\Projects\Proyek\Proyek\Debug\link-cvtres.write.1.tlog
C:\USERS\USER\DOCUMENTS\VISUAL STUDIO 2010\PROJECTS\PROYEK\PROYEK\DEBUG\MAIN.OBJ
C:\Users\user\Documents\Visual Studio 2010\Projects\Proyek\Proyek\Debug\mt.command.1.tlog
C:\Users\user\Documents\Visual Studio 2010\Projects\Proyek\Proyek\Debug\mt.read.1.tlog
C:\Users\user\Documents\Visual Studio 2010\Projects\Proyek\Proyek\Debug\mt.write.1.tlog
C:\USERS\USER\DOCUMENTS\VISUAL STUDIO 2010\PROJECTS\PROYEK\PROYEK\DEBUG\PROYEK.EXE.EMBED.MANIFEST
C:\USERS\USER\DOCUMENTS\VISUAL STUDIO 2010\PROJECTS\PROYEK\PROYEK\DEBUG\PROYEK.EXE.EMBED.MANIFEST.RES
C:\USERS\USER\DOCUMENTS\VISUAL STUDIO 2010\PROJECTS\PROYEK\PROYEK\DEBUG\PROYEK.EXE.INTERMEDIATE.MANIFEST
C:\Users\user\Documents\Visual Studio 2010\Projects\Proyek\Proyek\Debug\Proyek_manifest.rc
C:\Users\user\Documents\Visual Studio 2010\Projects\Proyek\Proyek\Debug\rc.command.1.tlog
C:\Users\user\Documents\Visual Studio 2010\Projects\Proyek\Proyek\Debug\rc.read.1.tlog
C:\Users\user\Documents\Visual Studio 2010\Projects\Proyek\Proyek\Debug\rc.write.1.tlog
C:\Users\user\Documents\Visual Studio 2010\Projects\Proyek\Proyek\Debug\vc100.idb
C:\USERS\USER\DOCUMENTS\VISUAL STUDIO 2010\PROJECTS\PROYEK\PROYEK\DEBUG\VC100.PDB
